#
# There is insufficient memory for the Java Runtime Environment to continue.
# Native memory allocation (mmap) failed to map 331350016 bytes. Error detail: G1 virtual space
# Possible reasons:
#   The system is out of physical RAM or swap space
#   This process is running with CompressedOops enabled, and the Java Heap may be blocking the growth of the native heap
# Possible solutions:
#   Reduce memory load on the system
#   Increase physical memory or swap space
#   Check if swap backing store is full
#   Decrease Java heap size (-Xmx/-Xms)
#   Decrease number of Java threads
#   Decrease Java thread stack sizes (-Xss)
#   Set larger code cache with -XX:ReservedCodeCacheSize=
#   JVM is running with Zero Based Compressed Oops mode in which the Java heap is
#     placed in the first 32GB address space. The Java Heap base address is the
#     maximum limit for the native heap growth. Please use -XX:HeapBaseMinAddress
#     to set the Java Heap base and to place the Java Heap above 32GB virtual address.
# This output file may be truncated or incomplete.
#
#  Out of Memory Error (os_windows.cpp:3564), pid=17180, tid=2316
#
# JRE version:  (24.0.1+9) (build )
# Java VM: OpenJDK 64-Bit Server VM (24.0.1+9, mixed mode, sharing, tiered, compressed oops, compressed class ptrs, g1 gc, windows-amd64)
# No core dump will be written. Minidumps are not enabled by default on client versions of Windows
#

---------------  S U M M A R Y ------------

Command Line: -Dclassworlds.conf=D:\Apache NetBeans\java\maven\bin\m2.conf -Dmaven.home=D:\Apache NetBeans\java\maven -Dlibrary.jansi.path=D:\Apache NetBeans\java\maven\lib\jansi-native -Dmaven.multiModuleProjectDirectory=D:\OfficalProjectCR\Java6weekNetbeans\JavaPractice6Week org.codehaus.plexus.classworlds.launcher.Launcher -Dexec.vmArgs= -Dexec.args=${exec.vmArgs} -classpath %classpath ${exec.mainClass} ${exec.appArgs} -Dexec.appArgs= -Dexec.mainClass=com.mycompany.javapractice6week.JavaPractice6Week -Dexec.executable=D:\Apache NetBeans\jdk\bin\java.exe -Dmaven.ext.class.path=D:\Apache NetBeans\java\maven-nblib\netbeans-eventspy.jar --no-transfer-progress process-classes org.codehaus.mojo:exec-maven-plugin:3.1.0:exec

Host: 11th Gen Intel(R) Core(TM) i5-1135G7 @ 2.40GHz, 8 cores, 19G,  Windows 11 , 64 bit Build 26100 (10.0.26100.4484)
Time: Tue Aug  5 11:54:05 2025 India Standard Time elapsed time: 0.033967 seconds (0d 0h 0m 0s)

---------------  T H R E A D  ---------------

Current thread (0x0000024a6e147030):  JavaThread "Unknown thread" [_thread_in_vm, id=2316, stack(0x0000008b23200000,0x0000008b23300000) (1024K)]

Stack: [0x0000008b23200000,0x0000008b23300000]
Native frames: (J=compiled Java code, j=interpreted, Vv=VM code, C=native code)
V  [jvm.dll+0x7410c9]  (no source info available)
V  [jvm.dll+0x97def3]  (no source info available)
V  [jvm.dll+0x98021d]  (no source info available)
V  [jvm.dll+0x980893]  (no source info available)
V  [jvm.dll+0x2b5b16]  (no source info available)
V  [jvm.dll+0x73d535]  (no source info available)
V  [jvm.dll+0x730d0a]  (no source info available)
V  [jvm.dll+0x39ea4a]  (no source info available)
V  [jvm.dll+0x3a6746]  (no source info available)
V  [jvm.dll+0x392fce]  (no source info available)
V  [jvm.dll+0x393288]  (no source info available)
V  [jvm.dll+0x369fcc]  (no source info available)
V  [jvm.dll+0x36ac8d]  (no source info available)
V  [jvm.dll+0x94069f]  (no source info available)
V  [jvm.dll+0x4077ad]  (no source info available)
V  [jvm.dll+0x928b1e]  (no source info available)
V  [jvm.dll+0x4a2c4e]  (no source info available)
V  [jvm.dll+0x4a4b81]  (no source info available)
C  [jli.dll+0x52a1]  (no source info available)
C  [ucrtbase.dll+0x37b0]  (no source info available)
C  [KERNEL32.DLL+0x2e8d7]  (no source info available)
C  [ntdll.dll+0x3c34c]  (no source info available)

Lock stack of current Java thread (top to bottom):


---------------  P R O C E S S  ---------------

Threads class SMR info:
_java_thread_list=0x00007ff8ef1dbf58, length=0, elements={
}

Java Threads: ( => current thread )
Total: 0

Other Threads:
  0x0000024a705700b0 WorkerThread "GC Thread#0"                     [id=19824, stack(0x0000008b23300000,0x0000008b23400000) (1024K)]
  0x0000024a7057f520 ConcurrentGCThread "G1 Main Marker"            [id=8876, stack(0x0000008b23400000,0x0000008b23500000) (1024K)]
  0x0000024a7057ff40 WorkerThread "G1 Conc#0"                       [id=4104, stack(0x0000008b23500000,0x0000008b23600000) (1024K)]

[error occurred during error reporting (printing all threads), id 0xc0000005, EXCEPTION_ACCESS_VIOLATION (0xc0000005) at pc=0x00007ff8ee84efaa]
VM state: not at safepoint (not fully initialized)

VM Mutex/Monitor currently owned by a thread:  ([mutex/lock_event])
[0x00007ff8ef2650c8] Heap_lock - owner thread: 0x0000024a6e147030

Heap address: 0x00000006c4c00000, size: 5044 MB, Compressed Oops mode: Zero based, Oop shift amount: 3

CDS archive(s) mapped at: [0x0000000000000000-0x0000000000000000-0x0000000000000000), size 0, SharedBaseAddress: 0x0000000800000000, ArchiveRelocationMode: 1.
UseCompressedClassPointers 1, UseCompactObjectHeaders 0
Narrow klass pointer bits 32, Max shift 3
Narrow klass base: 0xffffffffffffffff, Narrow klass shift: -1
Encoding Range: [0xffffffffffffffff - 0x000000007fffffff), (2147483648 bytes)
Klass Range:    [0x0000000000000000 - 0x0000000000000000), (0 bytes)
Klass ID Range:  [4294967295 - 0) (1)

GC Precious Log:
 CardTable entry size: 512
 Card Set container configuration: InlinePtr #cards 4 size 8 Array Of Cards #cards 32 size 80 Howl #buckets 8 coarsen threshold 7372 Howl Bitmap #cards 1024 size 144 coarsen threshold 921 Card regions per heap region 1 cards per card region 8192

Heap:
 garbage-first heap   total reserved 5165056K, committed 0K, used 0K [0x00000006c4c00000, 0x0000000800000000)
  region size 4096K, 0 young (0K), 0 survivors (0K)

[error occurred during error reporting (printing heap information), id 0xc0000005, EXCEPTION_ACCESS_VIOLATION (0xc0000005) at pc=0x00007ff8eec6f8e9]
GC Heap History (0 events):
No events

Dll operation events (1 events):
Event: 0.012 Loaded shared library D:\Apache NetBeans\jdk\bin\java.dll

Deoptimization events (0 events):
No events

Classes loaded (0 events):
No events

Classes unloaded (0 events):
No events

Classes redefined (0 events):
No events

Internal exceptions (0 events):
No events

VM Operations (0 events):
No events

Memory protections (0 events):
No events

Nmethod flushes (0 events):
No events

Events (0 events):
No events


Dynamic libraries:
0x00007ff631950000 - 0x00007ff63195e000 	D:\Apache NetBeans\jdk\bin\java.exe
0x00007ff96ba60000 - 0x00007ff96bcc8000 	C:\WINDOWS\SYSTEM32\ntdll.dll
0x00007ff96aa80000 - 0x00007ff96ab49000 	C:\WINDOWS\System32\KERNEL32.DLL
0x00007ff9693e0000 - 0x00007ff9697cd000 	C:\WINDOWS\System32\KERNELBASE.dll
0x00007ff968d80000 - 0x00007ff968ecb000 	C:\WINDOWS\System32\ucrtbase.dll
0x00007ff962370000 - 0x00007ff96238e000 	D:\Apache NetBeans\jdk\bin\VCRUNTIME140.dll
0x00007ff960250000 - 0x00007ff960266000 	D:\Apache NetBeans\jdk\bin\jli.dll
0x00007ff96b4f0000 - 0x00007ff96b6bc000 	C:\WINDOWS\System32\USER32.dll
0x00007ff9697d0000 - 0x00007ff9697f7000 	C:\WINDOWS\System32\win32u.dll
0x00007ff955a10000 - 0x00007ff955caa000 	C:\WINDOWS\WinSxS\amd64_microsoft.windows.common-controls_6595b64144ccf1df_6.0.26100.4484_none_3e0e6d4ce32ef3b3\COMCTL32.dll
0x00007ff96b080000 - 0x00007ff96b129000 	C:\WINDOWS\System32\msvcrt.dll
0x00007ff96b130000 - 0x00007ff96b15b000 	C:\WINDOWS\System32\GDI32.dll
0x00007ff968c40000 - 0x00007ff968d77000 	C:\WINDOWS\System32\gdi32full.dll
0x00007ff969330000 - 0x00007ff9693d3000 	C:\WINDOWS\System32\msvcp_win.dll
0x00007ff96a8d0000 - 0x00007ff96a8ff000 	C:\WINDOWS\System32\IMM32.DLL
0x00007ff962590000 - 0x00007ff96259c000 	D:\Apache NetBeans\jdk\bin\vcruntime140_1.dll
0x00007ff942c50000 - 0x00007ff942cdd000 	D:\Apache NetBeans\jdk\bin\msvcp140.dll
0x00007ff8ee4d0000 - 0x00007ff8ef34c000 	D:\Apache NetBeans\jdk\bin\server\jvm.dll
0x00007ff96afc0000 - 0x00007ff96b074000 	C:\WINDOWS\System32\ADVAPI32.dll
0x00007ff96a520000 - 0x00007ff96a5c6000 	C:\WINDOWS\System32\sechost.dll
0x00007ff96b880000 - 0x00007ff96b998000 	C:\WINDOWS\System32\RPCRT4.dll
0x00007ff96a6f0000 - 0x00007ff96a764000 	C:\WINDOWS\System32\WS2_32.dll
0x00007ff968a00000 - 0x00007ff968a5e000 	C:\WINDOWS\SYSTEM32\POWRPROF.dll
0x00007ff955ed0000 - 0x00007ff955f05000 	C:\WINDOWS\SYSTEM32\WINMM.dll
0x00007ff95f520000 - 0x00007ff95f52b000 	C:\WINDOWS\SYSTEM32\VERSION.dll
0x00007ff9689e0000 - 0x00007ff9689f4000 	C:\WINDOWS\SYSTEM32\UMPDC.dll
0x00007ff9678f0000 - 0x00007ff96790b000 	C:\WINDOWS\SYSTEM32\kernel.appcore.dll
0x00007ff962510000 - 0x00007ff96251a000 	D:\Apache NetBeans\jdk\bin\jimage.dll
0x00007ff966010000 - 0x00007ff966251000 	C:\WINDOWS\SYSTEM32\DBGHELP.DLL
0x00007ff96b160000 - 0x00007ff96b4e6000 	C:\WINDOWS\System32\combase.dll
0x00007ff96a980000 - 0x00007ff96aa60000 	C:\WINDOWS\System32\OLEAUT32.dll
0x00007ff951c40000 - 0x00007ff951c83000 	C:\WINDOWS\SYSTEM32\dbgcore.DLL
0x00007ff969290000 - 0x00007ff969329000 	C:\WINDOWS\System32\bcryptPrimitives.dll
0x00007ff961260000 - 0x00007ff96127e000 	D:\Apache NetBeans\jdk\bin\java.dll
0x00007ff96ac30000 - 0x00007ff96adce000 	C:\WINDOWS\System32\ole32.dll
0x00007ff969cd0000 - 0x00007ff96a41a000 	C:\WINDOWS\System32\SHELL32.dll
0x00007ff969110000 - 0x00007ff969284000 	C:\WINDOWS\System32\wintypes.dll

JVMTI agents: none

dbghelp: loaded successfully - version: 4.0.5 - missing functions: none
symbol engine: initialized successfully - sym options: 0x614 - pdb path: .;D:\Apache NetBeans\jdk\bin;C:\WINDOWS\SYSTEM32;C:\WINDOWS\WinSxS\amd64_microsoft.windows.common-controls_6595b64144ccf1df_6.0.26100.4484_none_3e0e6d4ce32ef3b3;D:\Apache NetBeans\jdk\bin\server

VM Arguments:
jvm_args: -Dclassworlds.conf=D:\Apache NetBeans\java\maven\bin\m2.conf -Dmaven.home=D:\Apache NetBeans\java\maven -Dlibrary.jansi.path=D:\Apache NetBeans\java\maven\lib\jansi-native -Dmaven.multiModuleProjectDirectory=D:\OfficalProjectCR\Java6weekNetbeans\JavaPractice6Week 
java_command: org.codehaus.plexus.classworlds.launcher.Launcher -Dexec.vmArgs= -Dexec.args=${exec.vmArgs} -classpath %classpath ${exec.mainClass} ${exec.appArgs} -Dexec.appArgs= -Dexec.mainClass=com.mycompany.javapractice6week.JavaPractice6Week -Dexec.executable=D:\Apache NetBeans\jdk\bin\java.exe -Dmaven.ext.class.path=D:\Apache NetBeans\java\maven-nblib\netbeans-eventspy.jar --no-transfer-progress process-classes org.codehaus.mojo:exec-maven-plugin:3.1.0:exec
java_class_path (initial): D:\Apache NetBeans\java\maven\boot\plexus-classworlds-2.8.0.jar
Launcher Type: SUN_STANDARD

[Global flags]
     intx CICompilerCount                          = 4                                         {product} {ergonomic}
     uint ConcGCThreads                            = 2                                         {product} {ergonomic}
     uint G1ConcRefinementThreads                  = 8                                         {product} {ergonomic}
   size_t G1HeapRegionSize                         = 4194304                                   {product} {ergonomic}
   size_t InitialHeapSize                          = 331350016                                 {product} {ergonomic}
   size_t MarkStackSize                            = 4194304                                   {product} {ergonomic}
   size_t MarkStackSizeMax                         = 536870912                                 {product} {ergonomic}
   size_t MaxHeapSize                              = 5289017344                                {product} {ergonomic}
   size_t MinHeapDeltaBytes                        = 4194304                                   {product} {ergonomic}
   size_t MinHeapSize                              = 8388608                                   {product} {ergonomic}
    uintx NonNMethodCodeHeapSize                   = 5832704                                {pd product} {ergonomic}
    uintx NonProfiledCodeHeapSize                  = 122945536                              {pd product} {ergonomic}
    uintx ProfiledCodeHeapSize                     = 122880000                              {pd product} {ergonomic}
    uintx ReservedCodeCacheSize                    = 251658240                              {pd product} {ergonomic}
     bool SegmentedCodeCache                       = true                                      {product} {ergonomic}
   size_t SoftMaxHeapSize                          = 5289017344                             {manageable} {ergonomic}
     bool UseCompressedOops                        = true                           {product lp64_product} {ergonomic}
     bool UseG1GC                                  = true                                      {product} {ergonomic}
     bool UseLargePagesIndividualAllocation        = false                                  {pd product} {ergonomic}

Logging:
Log output configuration:
 #0: stdout all=warning uptime,level,tags foldmultilines=false
 #1: stderr all=off uptime,level,tags foldmultilines=false

Environment Variables:
JAVA_HOME=D:\Apache NetBeans\jdk
PATH=C:\Program Files\Common Files\Oracle\Java\javapath;C:\Python313\Scripts\;C:\Python313\;C:\Python312\Scripts\;C:\Python312\;C:\WINDOWS\system32;C:\WINDOWS;C:\WINDOWS\System32\Wbem;C:\WINDOWS\System32\WindowsPowerShell\v1.0\;C:\WINDOWS\System32\OpenSSH\;C:\ProgramData\chocolatey\bin;C:\Program Files\nodejs;C:\Program Files\Git\cmd;C:\Program Files\Java\jdk-21\bin;C:\Users\ASUS\AppData\Local\Microsoft\WindowsApps;C:\Users\ASUS\AppData\Local\GitHubDesktop\bin;C:\Users\ASUS\AppData\Roaming\npm;D:\vs code\Microsoft VS Code\bin;C:\Users\ASUS\AppData\Local\Programs\Microsoft VS Code;D:\Flutter 2025\flutter\bin;C:\Users\ASUS\AppData\Local\Programs\Microsoft VS Code\bin;
USERNAME=ASUS
OS=Windows_NT
PROCESSOR_IDENTIFIER=Intel64 Family 6 Model 140 Stepping 1, GenuineIntel
TMP=C:\Users\ASUS\AppData\Local\Temp
TEMP=C:\Users\ASUS\AppData\Local\Temp




Periodic native trim disabled

---------------  S Y S T E M  ---------------

OS:
 Windows 11 , 64 bit Build 26100 (10.0.26100.4484)
OS uptime: 16 days 20:46 hours

CPU: total 8 (initial active 8) (4 cores per cpu, 2 threads per core) family 6 model 140 stepping 1 microcode 0x86, cx8, cmov, fxsr, ht, mmx, 3dnowpref, sse, sse2, sse3, ssse3, sse4.1, sse4.2, popcnt, lzcnt, tsc, tscinvbit, avx, avx2, aes, erms, clmul, bmi1, bmi2, adx, avx512f, avx512dq, avx512cd, avx512bw, avx512vl, sha, fma, vzeroupper, avx512_vpopcntdq, avx512_vpclmulqdq, avx512_vaes, avx512_vnni, clflush, clflushopt, clwb, avx512_vbmi2, avx512_vbmi, rdtscp, rdpid, fsrm, gfni, avx512_bitalg, f16c, pku, cet_ibt, cet_ss, avx512_ifma
Processor Information for the first 8 processors :
  Max Mhz: 2419, Current Mhz: 2419, Mhz Limit: 2419

Memory: 4k page, system-wide physical 20174M (2857M free)
TotalPageFile size 26316M (AvailPageFile size 135M)
current process WorkingSet (physical memory assigned to process): 13M, peak: 13M
current process commit charge ("private bytes"): 60M, peak: 376M

vm_info: OpenJDK 64-Bit Server VM (24.0.1+9) for windows-amd64 JRE (24.0.1+9) (Zulu24.30+11-CA), built on 2025-03-21T13:52:34Z with MS VC++ 17.1 (VS2022)

END.
